<?xml version="1.0" encoding="UTF-8"?>
<!-- Generated by org.testng.reporters.JUnitReportReporter -->
<testsuite hostname="DESKTOP-OA82GFD" failures="0" tests="1" name="property.propertysample" time="0.015" errors="0" timestamp="2024-03-05T10:19:57 IST" skipped="0">
  <testcase classname="property.propertysample" name="fetachprope" time="0.015"/>
  <system-out/>
</testsuite> <!-- property.propertysample -->
