<?xml version="1.0" encoding="UTF-8"?>
<!-- Generated by org.testng.reporters.JUnitReportReporter -->
<testsuite hostname="DESKTOP-OA82GFD" failures="0" tests="1" name="Groups_ng.Group1" time="0.007" errors="0" timestamp="2024-03-05T10:32:37 IST" skipped="0">
  <testcase classname="Groups_ng.Group1" name="test1" time="0.007"/>
  <system-out/>
</testsuite> <!-- Groups_ng.Group1 -->
