<?xml version="1.0" encoding="UTF-8"?>
<!-- Generated by org.testng.reporters.JUnitReportReporter -->
<testsuite hostname="DESKTOP-OA82GFD" failures="0" tests="1" name="reportfile.extentrepo" time="0.631" errors="0" timestamp="2024-03-01T11:14:15 IST" skipped="0">
  <testcase classname="reportfile.extentrepo" name="report" time="0.631"/>
  <system-out/>
</testsuite> <!-- reportfile.extentrepo -->
