<?xml version="1.0" encoding="UTF-8"?>
<!-- Generated by org.testng.reporters.JUnitReportReporter -->
<testsuite hostname="DESKTOP-OA82GFD" failures="0" tests="2" name="parallelexecution.parallel" time="8.241" errors="0" timestamp="2024-03-05T10:13:09 IST" skipped="0">
  <testcase classname="parallelexecution.parallel" name="datal" time="2.527"/>
  <system-out/>
  <testcase classname="parallelexecution.parallel" name="datal" time="5.714"/>
  <system-out/>
</testsuite> <!-- parallelexecution.parallel -->
