<?xml version="1.0" encoding="UTF-8"?>
<!-- Generated by org.testng.reporters.JUnitReportReporter -->
<testsuite hostname="DESKTOP-OA82GFD" failures="0" tests="2" name="Dataprov.DataprovExaple" time="0.008" errors="0" timestamp="2024-03-05T18:57:39 IST" skipped="0">
  <testcase classname="Dataprov.DataprovExaple" name="logintest" time="0.001"/>
  <system-out/>
  <testcase classname="Dataprov.DataprovExaple" name="logintest" time="0.007"/>
  <system-out/>
</testsuite> <!-- Dataprov.DataprovExaple -->
